<?xml version="1.0" encoding="UTF-8"?>
<testng-results ignored="0" total="1" passed="1" failed="0" skipped="0">
  <reporter-output>
  </reporter-output>
  <suite started-at="2025-10-18T12:00:23 IST" name="Default suite" finished-at="2025-10-18T12:00:23 IST" duration-ms="144">
    <groups>
    </groups>
    <test started-at="2025-10-18T12:00:23 IST" name="Default test" finished-at="2025-10-18T12:00:23 IST" duration-ms="144">
      <class name="com.DataArtAutomation.MyCV.CVTest">
        <test-method is-config="true" signature="setUpCv()[pri:0, instance:com.DataArtAutomation.MyCV.CVTest@22555ebf]" started-at="2025-10-18T12:00:23 IST" name="setUpCv" finished-at="2025-10-18T12:00:23 IST" duration-ms="13" status="PASS">
          <reporter-output>
          </reporter-output>
        </test-method> <!-- setUpCv -->
        <test-method signature="printCv()[pri:0, instance:com.DataArtAutomation.MyCV.CVTest@22555ebf]" started-at="2025-10-18T12:00:23 IST" name="printCv" finished-at="2025-10-18T12:00:23 IST" duration-ms="11" status="PASS">
          <reporter-output>
          </reporter-output>
        </test-method> <!-- printCv -->
        <test-method is-config="true" signature="validateCvDetails()[pri:0, instance:com.DataArtAutomation.MyCV.CVTest@22555ebf]" started-at="2025-10-18T12:00:23 IST" name="validateCvDetails" finished-at="2025-10-18T12:00:23 IST" duration-ms="77" status="PASS">
          <reporter-output>
          </reporter-output>
        </test-method> <!-- validateCvDetails -->
      </class> <!-- com.DataArtAutomation.MyCV.CVTest -->
    </test> <!-- Default test -->
  </suite> <!-- Default suite -->
</testng-results>
